INFO:root:Setting environment variable INTERCOM_API_TOKEN
INFO:root:Setting environment variable DB_USER_USERNAME
INFO:root:Setting environment variable DB_USER_PASSWORD
INFO:root:Setting environment variable DB_HOST
INFO:root:Setting environment variable DB_NAME
INFO:root:dropping table conversations
INFO:root:dropping table conversation_contacts
INFO:root:dropping table conversation_first_contact_replies
INFO:root:dropping table conversation_parts
INFO:root:dropping table conversation_ratings
INFO:root:dropping table conversation_sla_applied
INFO:root:dropping table conversation_sources
INFO:root:dropping table conversation_tags
INFO:root:dropping table conversation_statistics
INFO:root:dropping table conversation_teammates
INFO:root:Creating table conversations.sql
INFO:root:Creating table conversation_contacts.sql
INFO:root:Creating table conversation_first_contact_replies.sql
INFO:root:Creating table conversation_parts.sql
INFO:root:Creating table conversation_ratings.sql
INFO:root:Creating table conversation_sla_applied.sql
INFO:root:Creating table conversation_sources.sql
INFO:root:Creating table conversation_statistics.sql
INFO:root:Creating table conversation_tags.sql
INFO:root:Creating table conversation_teammates.sql
INFO:root:Creating index i_conversations.sql
INFO:Pipeline:2 pre execution step(s) to execute.
INFO:Pipeline:Starting pre execution step: GetDatabaseConnection
INFO:Pipeline:Starting pre execution step: GetPayloads
INFO:Pipeline:Processed all pre execution steps successfully.
INFO:Pipeline:5 payload(s) to process.
INFO:Pipeline:Starting pipeline step: RetrieveApiData
INFO:Pipeline:Finished pipeline step: RetrieveApiData
INFO:Pipeline:Starting pipeline step: ParseApiData
INFO:Pipeline:Finished pipeline step: ParseApiData
INFO:Pipeline:Starting pipeline step: LoadToDatabase
INFO:Pipeline:Finished pipeline step: LoadToDatabase
INFO:Pipeline:Processed payload successfully.
INFO:Pipeline:4 payload(s) to process.
INFO:Pipeline:Starting pipeline step: RetrieveApiData
INFO:Pipeline:Finished pipeline step: RetrieveApiData
INFO:Pipeline:Starting pipeline step: ParseApiData
INFO:Pipeline:Finished pipeline step: ParseApiData
INFO:Pipeline:Starting pipeline step: LoadToDatabase
INFO:Pipeline:Finished pipeline step: LoadToDatabase
INFO:Pipeline:Processed payload successfully.
INFO:Pipeline:3 payload(s) to process.
INFO:Pipeline:Starting pipeline step: RetrieveApiData
INFO:Pipeline:Finished pipeline step: RetrieveApiData
INFO:Pipeline:Starting pipeline step: ParseApiData
INFO:Pipeline:Finished pipeline step: ParseApiData
INFO:Pipeline:Starting pipeline step: LoadToDatabase
INFO:Pipeline:Finished pipeline step: LoadToDatabase
INFO:Pipeline:Processed payload successfully.
INFO:Pipeline:2 payload(s) to process.
INFO:Pipeline:Starting pipeline step: RetrieveApiData
INFO:Pipeline:Finished pipeline step: RetrieveApiData
INFO:Pipeline:Starting pipeline step: ParseApiData
INFO:Pipeline:Finished pipeline step: ParseApiData
INFO:Pipeline:Starting pipeline step: LoadToDatabase
INFO:Pipeline:Finished pipeline step: LoadToDatabase
INFO:Pipeline:Processed payload successfully.
INFO:Pipeline:1 payload(s) to process.
INFO:Pipeline:Starting pipeline step: RetrieveApiData
INFO:Pipeline:Finished pipeline step: RetrieveApiData
INFO:Pipeline:Starting pipeline step: ParseApiData
INFO:Pipeline:Finished pipeline step: ParseApiData
INFO:Pipeline:Starting pipeline step: LoadToDatabase
INFO:Pipeline:Finished pipeline step: LoadToDatabase
INFO:Pipeline:Processed payload successfully.
INFO:Pipeline:Processed all payloads successfully.
INFO:Pipeline:1 post execution step(s) to execute.
INFO:Pipeline:Starting post execution step: CommitTransaction
INFO:Pipeline:Processed all post execution steps successfully.

Process finished with exit code 0
